\BOOKMARK [0][-]{chapter.1}{Introducci\363n}{}% 1
\BOOKMARK [1][-]{section.1.1}{Conjuntos difusos}{chapter.1}% 2
\BOOKMARK [2][-]{subsection.1.1.1}{Definici\363n y propiedades}{section.1.1}% 3
\BOOKMARK [2][-]{subsection.1.1.2}{Variables ling\374\355sticas}{section.1.1}% 4
\BOOKMARK [2][-]{subsection.1.1.3}{Operaciones sobre conjuntos difusos}{section.1.1}% 5
\BOOKMARK [1][-]{section.1.2}{T-normas y operadores de agregaci\363n}{chapter.1}% 6
\BOOKMARK [1][-]{section.1.3}{Funciones de solapamiento}{chapter.1}% 7
\BOOKMARK [2][-]{subsection.1.3.1}{Definici\363n de funci\363n de solapamiento y teorema de construcci\363n.}{section.1.3}% 8
\BOOKMARK [2][-]{subsection.1.3.2}{Caso particular: t-normas.}{section.1.3}% 9
\BOOKMARK [1][-]{section.1.4}{\315ndices de solapamiento}{chapter.1}% 10
\BOOKMARK [2][-]{subsection.1.4.1}{Definici\363n y propiedades}{section.1.4}% 11
\BOOKMARK [2][-]{subsection.1.4.2}{Construcci\363n de \355ndices de solapamiento}{section.1.4}% 12
\BOOKMARK [0][-]{chapter.2}{L\363gica difusa}{}% 13
\BOOKMARK [1][-]{section.2.1}{\277Qu\351 es la l\363gica difusa?}{chapter.2}% 14
\BOOKMARK [1][-]{section.2.2}{Reglas difusas}{chapter.2}% 15
\BOOKMARK [1][-]{section.2.3}{Sistemas difusos basados en reglas}{chapter.2}% 16
\BOOKMARK [2][-]{subsection.2.3.1}{Difusificadores}{section.2.3}% 17
\BOOKMARK [2][-]{subsection.2.3.2}{Desdifusificadores}{section.2.3}% 18
\BOOKMARK [1][-]{section.2.4}{El controlador de Mamdani}{chapter.2}% 19
\BOOKMARK [1][-]{section.2.5}{M\351todo de interpolaci\363n basado en \355ndices de solapamiento}{chapter.2}% 20
\BOOKMARK [0][-]{chapter.3}{Detecci\363n de incendios forestales}{}% 21
\BOOKMARK [1][-]{section.3.1}{Red de sensores inal\341mbricos}{chapter.3}% 22
\BOOKMARK [1][-]{section.3.2}{Magnitudes medidas y variables ling\374\355sticas}{chapter.3}% 23
\BOOKMARK [1][-]{section.3.3}{Conjunto de reglas}{chapter.3}% 24
